<?xml version='1.0' encoding='UTF-8'?>
<results preview='0'>
<meta>
<fieldOrder>
<field>CommandLine</field>
<field>Company</field>
<field>ComputerName</field>
<field>CreationUtcTime</field>
<field>CurrentDirectory</field>
<field>Description</field>
<field>Details</field>
<field>EventCode</field>
<field>EventType</field>
<field>FileVersion</field>
<field>Hashes</field>
<field>Image</field>
<field>IntegrityLevel</field>
<field>Keywords</field>
<field>LogName</field>
<field>LogonGuid</field>
<field>LogonId</field>
<field>Message</field>
<field>OpCode</field>
<field>OriginalFileName</field>
<field>ParentCommandLine</field>
<field>ParentImage</field>
<field>ParentProcessGuid</field>
<field>ParentProcessId</field>
<field>ParentUser</field>
<field>ProcessGuid</field>
<field>ProcessId</field>
<field>Product</field>
<field>RecordNumber</field>
<field>RuleName</field>
<field>Sid</field>
<field>SidType</field>
<field>SourceName</field>
<field>TargetFilename</field>
<field>TargetObject</field>
<field>TaskCategory</field>
<field>TerminalSessionId</field>
<field>Type</field>
<field>User</field>
<field>UtcTime</field>
<field>_raw</field>
<field>_time</field>
<field>eventtype</field>
<field>host</field>
<field>index</field>
<field>linecount</field>
<field>punct</field>
<field>source</field>
<field>sourcetype</field>
<field>splunk_server</field>
<field>splunk_server_group</field>
</fieldOrder>
</meta>
	<result offset='0'>
		<field k='ComputerName'>
			<value><text>Andrew-11795566</text></value>
		</field>
		<field k='Details'>
			<value><text>(Empty)</text></value>
		</field>
		<field k='EventCode'>
			<value><text>13</text></value>
		</field>
		<field k='EventType'>
			<value><text>4</text></value>
			<value><text>SetValue</text></value>
		</field>
		<field k='Image'>
			<value><text>C:\Windows\System32\svchost.exe</text></value>
		</field>
		<field k='Keywords'>
			<value><text>None</text></value>
		</field>
		<field k='LogName'>
			<value><text>Microsoft-Windows-Sysmon/Operational</text></value>
		</field>
		<field k='Message'>
			<value><text>Registry value set:
RuleName: InvDB-Ver
EventType: SetValue
UtcTime: 2024-09-13 07:53:54.829
ProcessGuid: {af67959a-c61f-66e3-2700-000000000c00}
ProcessId: 2280
Image: C:\Windows\System32\svchost.exe
TargetObject: \REGISTRY\A\{ef729a98-5dc3-ad03-afe1-c1db5084a79d}\Root\InventoryApplicationFile\itc590-script 2 |b2d0c834b7ec7c19\BinProductVersion
Details: (Empty)
User: NT AUTHORITY\SYSTEM</text></value>
		</field>
		<field k='OpCode'>
			<value><text>Info</text></value>
		</field>
		<field k='ProcessGuid'>
			<value><text>{af67959a-c61f-66e3-2700-000000000c00}</text></value>
		</field>
		<field k='ProcessId'>
			<value><text>2280</text></value>
		</field>
		<field k='RecordNumber'>
			<value><text>7246</text></value>
		</field>
		<field k='RuleName'>
			<value><text>InvDB-Ver</text></value>
		</field>
		<field k='Sid'>
			<value><text>S-1-5-18</text></value>
		</field>
		<field k='SidType'>
			<value><text>0</text></value>
		</field>
		<field k='SourceName'>
			<value><text>Microsoft-Windows-Sysmon</text></value>
		</field>
		<field k='TargetObject'>
			<value><text>\REGISTRY\A\{ef729a98-5dc3-ad03-afe1-c1db5084a79d}\Root\InventoryApplicationFile\itc590-script 2 |b2d0c834b7ec7c19\BinProductVersion</text></value>
		</field>
		<field k='TaskCategory'>
			<value><text>Registry value set (rule: RegistryEvent)</text></value>
		</field>
		<field k='Type'>
			<value><text>Information</text></value>
		</field>
		<field k='User'>
			<value><text>NOT_TRANSLATED</text></value>
			<value><text>NT AUTHORITY\SYSTEM</text></value>
		</field>
		<field k='UtcTime'>
			<value><text>2024-09-13 07:53:54.829</text></value>
		</field>
		<field k='_raw'><v xml:space='preserve' trunc='0'>09/13/2024 05:53:54 PM
LogName=Microsoft-Windows-Sysmon/Operational
EventCode=13
EventType=4
ComputerName=Andrew-11795566
User=NOT_TRANSLATED
Sid=S-1-5-18
SidType=0
SourceName=Microsoft-Windows-Sysmon
Type=Information
RecordNumber=7246
Keywords=None
TaskCategory=Registry value set (rule: RegistryEvent)
OpCode=Info
Message=Registry value set:
RuleName: InvDB-Ver
EventType: SetValue
UtcTime: 2024-09-13 07:53:54.829
ProcessGuid: {af67959a-c61f-66e3-2700-000000000c00}
ProcessId: 2280
Image: C:\Windows\System32\svchost.exe
TargetObject: \REGISTRY\A\{ef729a98-5dc3-ad03-afe1-c1db5084a79d}\Root\InventoryApplicationFile\itc590-script 2 |b2d0c834b7ec7c19\BinProductVersion
Details: (Empty)
User: NT AUTHORITY\SYSTEM</v></field>
		<field k='_time'>
			<value><text>2024-09-13T17:53:54.000+1000</text></value>
		</field>
		<field k='host'>
			<value><text>ANDREW-11795566</text></value>
		</field>
		<field k='index'>
			<value h='1'><text>sysmon</text></value>
		</field>
		<field k='linecount'>
			<value><text>24</text></value>
		</field>
		<field k='punct'>
			<value><text>//_::_=--/===-==---==--====___(:_)==__:\r:_-\r:_\r:_-</text></value>
		</field>
		<field k='source'>
			<value h='1'><text>WinEventLog:Microsoft-Windows-Sysmon/Operational</text></value>
		</field>
		<field k='sourcetype'>
			<value><text>XmlWinEventLog</text></value>
		</field>
		<field k='splunk_server'>
			<value><text>andrew-11795566</text></value>
		</field>
	</result>
	<result offset='1'>
		<field k='ComputerName'>
			<value><text>Andrew-11795566</text></value>
		</field>
		<field k='Details'>
			<value><text>08/20/2024 09:37:48</text></value>
		</field>
		<field k='EventCode'>
			<value><text>13</text></value>
		</field>
		<field k='EventType'>
			<value><text>4</text></value>
			<value><text>SetValue</text></value>
		</field>
		<field k='Image'>
			<value><text>C:\Windows\System32\svchost.exe</text></value>
		</field>
		<field k='Keywords'>
			<value><text>None</text></value>
		</field>
		<field k='LogName'>
			<value><text>Microsoft-Windows-Sysmon/Operational</text></value>
		</field>
		<field k='Message'>
			<value><text>Registry value set:
RuleName: InvDB-CompileTimeClaim
EventType: SetValue
UtcTime: 2024-09-13 07:53:54.829
ProcessGuid: {af67959a-c61f-66e3-2700-000000000c00}
ProcessId: 2280
Image: C:\Windows\System32\svchost.exe
TargetObject: \REGISTRY\A\{ef729a98-5dc3-ad03-afe1-c1db5084a79d}\Root\InventoryApplicationFile\itc590-script 2 |b2d0c834b7ec7c19\LinkDate
Details: 08/20/2024 09:37:48
User: NT AUTHORITY\SYSTEM</text></value>
		</field>
		<field k='OpCode'>
			<value><text>Info</text></value>
		</field>
		<field k='ProcessGuid'>
			<value><text>{af67959a-c61f-66e3-2700-000000000c00}</text></value>
		</field>
		<field k='ProcessId'>
			<value><text>2280</text></value>
		</field>
		<field k='RecordNumber'>
			<value><text>7245</text></value>
		</field>
		<field k='RuleName'>
			<value><text>InvDB-CompileTimeClaim</text></value>
		</field>
		<field k='Sid'>
			<value><text>S-1-5-18</text></value>
		</field>
		<field k='SidType'>
			<value><text>0</text></value>
		</field>
		<field k='SourceName'>
			<value><text>Microsoft-Windows-Sysmon</text></value>
		</field>
		<field k='TargetObject'>
			<value><text>\REGISTRY\A\{ef729a98-5dc3-ad03-afe1-c1db5084a79d}\Root\InventoryApplicationFile\itc590-script 2 |b2d0c834b7ec7c19\LinkDate</text></value>
		</field>
		<field k='TaskCategory'>
			<value><text>Registry value set (rule: RegistryEvent)</text></value>
		</field>
		<field k='Type'>
			<value><text>Information</text></value>
		</field>
		<field k='User'>
			<value><text>NOT_TRANSLATED</text></value>
			<value><text>NT AUTHORITY\SYSTEM</text></value>
		</field>
		<field k='UtcTime'>
			<value><text>2024-09-13 07:53:54.829</text></value>
		</field>
		<field k='_raw'><v xml:space='preserve' trunc='0'>09/13/2024 05:53:54 PM
LogName=Microsoft-Windows-Sysmon/Operational
EventCode=13
EventType=4
ComputerName=Andrew-11795566
User=NOT_TRANSLATED
Sid=S-1-5-18
SidType=0
SourceName=Microsoft-Windows-Sysmon
Type=Information
RecordNumber=7245
Keywords=None
TaskCategory=Registry value set (rule: RegistryEvent)
OpCode=Info
Message=Registry value set:
RuleName: InvDB-CompileTimeClaim
EventType: SetValue
UtcTime: 2024-09-13 07:53:54.829
ProcessGuid: {af67959a-c61f-66e3-2700-000000000c00}
ProcessId: 2280
Image: C:\Windows\System32\svchost.exe
TargetObject: \REGISTRY\A\{ef729a98-5dc3-ad03-afe1-c1db5084a79d}\Root\InventoryApplicationFile\itc590-script 2 |b2d0c834b7ec7c19\LinkDate
Details: 08/20/2024 09:37:48
User: NT AUTHORITY\SYSTEM</v></field>
		<field k='_time'>
			<value><text>2024-09-13T17:53:54.000+1000</text></value>
		</field>
		<field k='host'>
			<value><text>ANDREW-11795566</text></value>
		</field>
		<field k='index'>
			<value h='1'><text>sysmon</text></value>
		</field>
		<field k='linecount'>
			<value><text>24</text></value>
		</field>
		<field k='punct'>
			<value><text>//_::_=--/===-==---==--====___(:_)==__:\r:_-\r:_\r:_-</text></value>
		</field>
		<field k='source'>
			<value h='1'><text>WinEventLog:Microsoft-Windows-Sysmon/Operational</text></value>
		</field>
		<field k='sourcetype'>
			<value><text>XmlWinEventLog</text></value>
		</field>
		<field k='splunk_server'>
			<value><text>andrew-11795566</text></value>
		</field>
	</result>
	<result offset='2'>
		<field k='ComputerName'>
			<value><text>Andrew-11795566</text></value>
		</field>
		<field k='Details'>
			<value><text>(Empty)</text></value>
		</field>
		<field k='EventCode'>
			<value><text>13</text></value>
		</field>
		<field k='EventType'>
			<value><text>4</text></value>
			<value><text>SetValue</text></value>
		</field>
		<field k='Image'>
			<value><text>C:\Windows\System32\svchost.exe</text></value>
		</field>
		<field k='Keywords'>
			<value><text>None</text></value>
		</field>
		<field k='LogName'>
			<value><text>Microsoft-Windows-Sysmon/Operational</text></value>
		</field>
		<field k='Message'>
			<value><text>Registry value set:
RuleName: InvDB-Pub
EventType: SetValue
UtcTime: 2024-09-13 07:53:54.829
ProcessGuid: {af67959a-c61f-66e3-2700-000000000c00}
ProcessId: 2280
Image: C:\Windows\System32\svchost.exe
TargetObject: \REGISTRY\A\{ef729a98-5dc3-ad03-afe1-c1db5084a79d}\Root\InventoryApplicationFile\itc590-script 2 |b2d0c834b7ec7c19\Publisher
Details: (Empty)
User: NT AUTHORITY\SYSTEM</text></value>
		</field>
		<field k='OpCode'>
			<value><text>Info</text></value>
		</field>
		<field k='ProcessGuid'>
			<value><text>{af67959a-c61f-66e3-2700-000000000c00}</text></value>
		</field>
		<field k='ProcessId'>
			<value><text>2280</text></value>
		</field>
		<field k='RecordNumber'>
			<value><text>7244</text></value>
		</field>
		<field k='RuleName'>
			<value><text>InvDB-Pub</text></value>
		</field>
		<field k='Sid'>
			<value><text>S-1-5-18</text></value>
		</field>
		<field k='SidType'>
			<value><text>0</text></value>
		</field>
		<field k='SourceName'>
			<value><text>Microsoft-Windows-Sysmon</text></value>
		</field>
		<field k='TargetObject'>
			<value><text>\REGISTRY\A\{ef729a98-5dc3-ad03-afe1-c1db5084a79d}\Root\InventoryApplicationFile\itc590-script 2 |b2d0c834b7ec7c19\Publisher</text></value>
		</field>
		<field k='TaskCategory'>
			<value><text>Registry value set (rule: RegistryEvent)</text></value>
		</field>
		<field k='Type'>
			<value><text>Information</text></value>
		</field>
		<field k='User'>
			<value><text>NOT_TRANSLATED</text></value>
			<value><text>NT AUTHORITY\SYSTEM</text></value>
		</field>
		<field k='UtcTime'>
			<value><text>2024-09-13 07:53:54.829</text></value>
		</field>
		<field k='_raw'><v xml:space='preserve' trunc='0'>09/13/2024 05:53:54 PM
LogName=Microsoft-Windows-Sysmon/Operational
EventCode=13
EventType=4
ComputerName=Andrew-11795566
User=NOT_TRANSLATED
Sid=S-1-5-18
SidType=0
SourceName=Microsoft-Windows-Sysmon
Type=Information
RecordNumber=7244
Keywords=None
TaskCategory=Registry value set (rule: RegistryEvent)
OpCode=Info
Message=Registry value set:
RuleName: InvDB-Pub
EventType: SetValue
UtcTime: 2024-09-13 07:53:54.829
ProcessGuid: {af67959a-c61f-66e3-2700-000000000c00}
ProcessId: 2280
Image: C:\Windows\System32\svchost.exe
TargetObject: \REGISTRY\A\{ef729a98-5dc3-ad03-afe1-c1db5084a79d}\Root\InventoryApplicationFile\itc590-script 2 |b2d0c834b7ec7c19\Publisher
Details: (Empty)
User: NT AUTHORITY\SYSTEM</v></field>
		<field k='_time'>
			<value><text>2024-09-13T17:53:54.000+1000</text></value>
		</field>
		<field k='host'>
			<value><text>ANDREW-11795566</text></value>
		</field>
		<field k='index'>
			<value h='1'><text>sysmon</text></value>
		</field>
		<field k='linecount'>
			<value><text>24</text></value>
		</field>
		<field k='punct'>
			<value><text>//_::_=--/===-==---==--====___(:_)==__:\r:_-\r:_\r:_-</text></value>
		</field>
		<field k='source'>
			<value h='1'><text>WinEventLog:Microsoft-Windows-Sysmon/Operational</text></value>
		</field>
		<field k='sourcetype'>
			<value><text>XmlWinEventLog</text></value>
		</field>
		<field k='splunk_server'>
			<value><text>andrew-11795566</text></value>
		</field>
	</result>
	<result offset='3'>
		<field k='ComputerName'>
			<value><text>Andrew-11795566</text></value>
		</field>
		<field k='Details'>
			<value><text>c:\users\andrew_11795566\desktop\exes\itc590-three executable-assignment item 2 (1)\itc590-three executable-assignment item 2\itc590-script 2 v1-2024.exe</text></value>
		</field>
		<field k='EventCode'>
			<value><text>13</text></value>
		</field>
		<field k='EventType'>
			<value><text>4</text></value>
			<value><text>SetValue</text></value>
		</field>
		<field k='Image'>
			<value><text>C:\Windows\System32\svchost.exe</text></value>
		</field>
		<field k='Keywords'>
			<value><text>None</text></value>
		</field>
		<field k='LogName'>
			<value><text>Microsoft-Windows-Sysmon/Operational</text></value>
		</field>
		<field k='Message'>
			<value><text>Registry value set:
RuleName: InvDB-Path
EventType: SetValue
UtcTime: 2024-09-13 07:53:54.829
ProcessGuid: {af67959a-c61f-66e3-2700-000000000c00}
ProcessId: 2280
Image: C:\Windows\System32\svchost.exe
TargetObject: \REGISTRY\A\{ef729a98-5dc3-ad03-afe1-c1db5084a79d}\Root\InventoryApplicationFile\itc590-script 2 |b2d0c834b7ec7c19\LowerCaseLongPath
Details: c:\users\andrew_11795566\desktop\exes\itc590-three executable-assignment item 2 (1)\itc590-three executable-assignment item 2\itc590-script 2 v1-2024.exe
User: NT AUTHORITY\SYSTEM</text></value>
		</field>
		<field k='OpCode'>
			<value><text>Info</text></value>
		</field>
		<field k='ProcessGuid'>
			<value><text>{af67959a-c61f-66e3-2700-000000000c00}</text></value>
		</field>
		<field k='ProcessId'>
			<value><text>2280</text></value>
		</field>
		<field k='RecordNumber'>
			<value><text>7243</text></value>
		</field>
		<field k='RuleName'>
			<value><text>InvDB-Path</text></value>
		</field>
		<field k='Sid'>
			<value><text>S-1-5-18</text></value>
		</field>
		<field k='SidType'>
			<value><text>0</text></value>
		</field>
		<field k='SourceName'>
			<value><text>Microsoft-Windows-Sysmon</text></value>
		</field>
		<field k='TargetObject'>
			<value><text>\REGISTRY\A\{ef729a98-5dc3-ad03-afe1-c1db5084a79d}\Root\InventoryApplicationFile\itc590-script 2 |b2d0c834b7ec7c19\LowerCaseLongPath</text></value>
		</field>
		<field k='TaskCategory'>
			<value><text>Registry value set (rule: RegistryEvent)</text></value>
		</field>
		<field k='Type'>
			<value><text>Information</text></value>
		</field>
		<field k='User'>
			<value><text>NOT_TRANSLATED</text></value>
			<value><text>NT AUTHORITY\SYSTEM</text></value>
		</field>
		<field k='UtcTime'>
			<value><text>2024-09-13 07:53:54.829</text></value>
		</field>
		<field k='_raw'><v xml:space='preserve' trunc='0'>09/13/2024 05:53:54 PM
LogName=Microsoft-Windows-Sysmon/Operational
EventCode=13
EventType=4
ComputerName=Andrew-11795566
User=NOT_TRANSLATED
Sid=S-1-5-18
SidType=0
SourceName=Microsoft-Windows-Sysmon
Type=Information
RecordNumber=7243
Keywords=None
TaskCategory=Registry value set (rule: RegistryEvent)
OpCode=Info
Message=Registry value set:
RuleName: InvDB-Path
EventType: SetValue
UtcTime: 2024-09-13 07:53:54.829
ProcessGuid: {af67959a-c61f-66e3-2700-000000000c00}
ProcessId: 2280
Image: C:\Windows\System32\svchost.exe
TargetObject: \REGISTRY\A\{ef729a98-5dc3-ad03-afe1-c1db5084a79d}\Root\InventoryApplicationFile\itc590-script 2 |b2d0c834b7ec7c19\LowerCaseLongPath
Details: c:\users\andrew_11795566\desktop\exes\itc590-three executable-assignment item 2 (1)\itc590-three executable-assignment item 2\itc590-script 2 v1-2024.exe
User: NT AUTHORITY\SYSTEM</v></field>
		<field k='_time'>
			<value><text>2024-09-13T17:53:54.000+1000</text></value>
		</field>
		<field k='host'>
			<value><text>ANDREW-11795566</text></value>
		</field>
		<field k='index'>
			<value h='1'><text>sysmon</text></value>
		</field>
		<field k='linecount'>
			<value><text>24</text></value>
		</field>
		<field k='punct'>
			<value><text>//_::_=--/===-==---==--====___(:_)==__:\r:_-\r:_\r:_-</text></value>
		</field>
		<field k='source'>
			<value h='1'><text>WinEventLog:Microsoft-Windows-Sysmon/Operational</text></value>
		</field>
		<field k='sourcetype'>
			<value><text>XmlWinEventLog</text></value>
		</field>
		<field k='splunk_server'>
			<value><text>andrew-11795566</text></value>
		</field>
	</result>
	<result offset='4'>
		<field k='ComputerName'>
			<value><text>Andrew-11795566</text></value>
		</field>
		<field k='EventCode'>
			<value><text>5</text></value>
		</field>
		<field k='EventType'>
			<value><text>4</text></value>
		</field>
		<field k='Image'>
			<value><text>C:\Users\Andrew_11795566\Desktop\Exes\ITC590-three executable-Assignment Item 2 (1)\ITC590-three executable-Assignment Item 2\ITC590-Script 2 V1-2024.exe</text></value>
		</field>
		<field k='Keywords'>
			<value><text>None</text></value>
		</field>
		<field k='LogName'>
			<value><text>Microsoft-Windows-Sysmon/Operational</text></value>
		</field>
		<field k='Message'>
			<value><text>Process terminated:
RuleName: -
UtcTime: 2024-09-13 07:53:54.829
ProcessGuid: {af67959a-ef91-66e3-7a05-000000000c00}
ProcessId: 5092
Image: C:\Users\Andrew_11795566\Desktop\Exes\ITC590-three executable-Assignment Item 2 (1)\ITC590-three executable-Assignment Item 2\ITC590-Script 2 V1-2024.exe
User: ANDREW-11795566\Andrew_11795566</text></value>
		</field>
		<field k='OpCode'>
			<value><text>Info</text></value>
		</field>
		<field k='ProcessGuid'>
			<value><text>{af67959a-ef91-66e3-7a05-000000000c00}</text></value>
		</field>
		<field k='ProcessId'>
			<value><text>5092</text></value>
		</field>
		<field k='RecordNumber'>
			<value><text>7242</text></value>
		</field>
		<field k='RuleName'>
			<value><text>-</text></value>
		</field>
		<field k='Sid'>
			<value><text>S-1-5-18</text></value>
		</field>
		<field k='SidType'>
			<value><text>0</text></value>
		</field>
		<field k='SourceName'>
			<value><text>Microsoft-Windows-Sysmon</text></value>
		</field>
		<field k='TaskCategory'>
			<value><text>Process terminated (rule: ProcessTerminate)</text></value>
		</field>
		<field k='Type'>
			<value><text>Information</text></value>
		</field>
		<field k='User'>
			<value><text>NOT_TRANSLATED</text></value>
			<value><text>ANDREW-11795566\Andrew_11795566</text></value>
		</field>
		<field k='UtcTime'>
			<value><text>2024-09-13 07:53:54.829</text></value>
		</field>
		<field k='_raw'><v xml:space='preserve' trunc='0'>09/13/2024 05:53:54 PM
LogName=Microsoft-Windows-Sysmon/Operational
EventCode=5
EventType=4
ComputerName=Andrew-11795566
User=NOT_TRANSLATED
Sid=S-1-5-18
SidType=0
SourceName=Microsoft-Windows-Sysmon
Type=Information
RecordNumber=7242
Keywords=None
TaskCategory=Process terminated (rule: ProcessTerminate)
OpCode=Info
Message=Process terminated:
RuleName: -
UtcTime: 2024-09-13 07:53:54.829
ProcessGuid: {af67959a-ef91-66e3-7a05-000000000c00}
ProcessId: 5092
Image: C:\Users\Andrew_11795566\Desktop\Exes\ITC590-three executable-Assignment Item 2 (1)\ITC590-three executable-Assignment Item 2\ITC590-Script 2 V1-2024.exe
User: ANDREW-11795566\Andrew_11795566</v></field>
		<field k='_time'>
			<value><text>2024-09-13T17:53:54.000+1000</text></value>
		</field>
		<field k='host'>
			<value><text>ANDREW-11795566</text></value>
		</field>
		<field k='index'>
			<value h='1'><text>sysmon</text></value>
		</field>
		<field k='linecount'>
			<value><text>21</text></value>
		</field>
		<field k='punct'>
			<value><text>//_::_=--/===-==---==--====__(:_)==_:\r:_-\r:_--_::.</text></value>
		</field>
		<field k='source'>
			<value h='1'><text>WinEventLog:Microsoft-Windows-Sysmon/Operational</text></value>
		</field>
		<field k='sourcetype'>
			<value><text>XmlWinEventLog</text></value>
		</field>
		<field k='splunk_server'>
			<value><text>andrew-11795566</text></value>
		</field>
	</result>
	<result offset='5'>
		<field k='ComputerName'>
			<value><text>Andrew-11795566</text></value>
		</field>
		<field k='EventCode'>
			<value><text>5</text></value>
		</field>
		<field k='EventType'>
			<value><text>4</text></value>
		</field>
		<field k='Image'>
			<value><text>C:\Users\Andrew_11795566\Desktop\Exes\ITC590-three executable-Assignment Item 2 (1)\ITC590-three executable-Assignment Item 2\ITC590-Script 2 V1-2024.exe</text></value>
		</field>
		<field k='Keywords'>
			<value><text>None</text></value>
		</field>
		<field k='LogName'>
			<value><text>Microsoft-Windows-Sysmon/Operational</text></value>
		</field>
		<field k='Message'>
			<value><text>Process terminated:
RuleName: -
UtcTime: 2024-09-13 07:53:54.501
ProcessGuid: {af67959a-ef91-66e3-7b05-000000000c00}
ProcessId: 532
Image: C:\Users\Andrew_11795566\Desktop\Exes\ITC590-three executable-Assignment Item 2 (1)\ITC590-three executable-Assignment Item 2\ITC590-Script 2 V1-2024.exe
User: ANDREW-11795566\Andrew_11795566</text></value>
		</field>
		<field k='OpCode'>
			<value><text>Info</text></value>
		</field>
		<field k='ProcessGuid'>
			<value><text>{af67959a-ef91-66e3-7b05-000000000c00}</text></value>
		</field>
		<field k='ProcessId'>
			<value><text>532</text></value>
		</field>
		<field k='RecordNumber'>
			<value><text>7241</text></value>
		</field>
		<field k='RuleName'>
			<value><text>-</text></value>
		</field>
		<field k='Sid'>
			<value><text>S-1-5-18</text></value>
		</field>
		<field k='SidType'>
			<value><text>0</text></value>
		</field>
		<field k='SourceName'>
			<value><text>Microsoft-Windows-Sysmon</text></value>
		</field>
		<field k='TaskCategory'>
			<value><text>Process terminated (rule: ProcessTerminate)</text></value>
		</field>
		<field k='Type'>
			<value><text>Information</text></value>
		</field>
		<field k='User'>
			<value><text>NOT_TRANSLATED</text></value>
			<value><text>ANDREW-11795566\Andrew_11795566</text></value>
		</field>
		<field k='UtcTime'>
			<value><text>2024-09-13 07:53:54.501</text></value>
		</field>
		<field k='_raw'><v xml:space='preserve' trunc='0'>09/13/2024 05:53:54 PM
LogName=Microsoft-Windows-Sysmon/Operational
EventCode=5
EventType=4
ComputerName=Andrew-11795566
User=NOT_TRANSLATED
Sid=S-1-5-18
SidType=0
SourceName=Microsoft-Windows-Sysmon
Type=Information
RecordNumber=7241
Keywords=None
TaskCategory=Process terminated (rule: ProcessTerminate)
OpCode=Info
Message=Process terminated:
RuleName: -
UtcTime: 2024-09-13 07:53:54.501
ProcessGuid: {af67959a-ef91-66e3-7b05-000000000c00}
ProcessId: 532
Image: C:\Users\Andrew_11795566\Desktop\Exes\ITC590-three executable-Assignment Item 2 (1)\ITC590-three executable-Assignment Item 2\ITC590-Script 2 V1-2024.exe
User: ANDREW-11795566\Andrew_11795566</v></field>
		<field k='_time'>
			<value><text>2024-09-13T17:53:54.000+1000</text></value>
		</field>
		<field k='host'>
			<value><text>ANDREW-11795566</text></value>
		</field>
		<field k='index'>
			<value h='1'><text>sysmon</text></value>
		</field>
		<field k='linecount'>
			<value><text>21</text></value>
		</field>
		<field k='punct'>
			<value><text>//_::_=--/===-==---==--====__(:_)==_:\r:_-\r:_--_::.</text></value>
		</field>
		<field k='source'>
			<value h='1'><text>WinEventLog:Microsoft-Windows-Sysmon/Operational</text></value>
		</field>
		<field k='sourcetype'>
			<value><text>XmlWinEventLog</text></value>
		</field>
		<field k='splunk_server'>
			<value><text>andrew-11795566</text></value>
		</field>
	</result>
	<result offset='6'>
		<field k='CommandLine'>
			<value><text>reg  add &quot;HKCU\Software\TestSoftware&quot; /v TestValue /d &quot;Modified Data-ITC590 2024&quot; /f</text></value>
		</field>
		<field k='Company'>
			<value><text>Microsoft Corporation</text></value>
		</field>
		<field k='ComputerName'>
			<value><text>Andrew-11795566</text></value>
		</field>
		<field k='CurrentDirectory'>
			<value><text>C:\Users\Andrew_11795566\Desktop\Exes\ITC590-three executable-Assignment Item 2 (1)\ITC590-three executable-Assignment Item 2\</text></value>
		</field>
		<field k='Description'>
			<value><text>Registry Console Tool</text></value>
		</field>
		<field k='EventCode'>
			<value><text>1</text></value>
		</field>
		<field k='EventType'>
			<value><text>4</text></value>
		</field>
		<field k='FileVersion'>
			<value><text>10.0.19041.1 (WinBuild.160101.0800)</text></value>
		</field>
		<field k='Hashes'>
			<value><text>MD5=227F63E1D9008B36BDBCC4B397780BE4,SHA256=C0E25B1F9B22DE445298C1E96DDFCEAD265CA030FA6626F61A4A4786CC4A3B7D,IMPHASH=BE482BE427FE212CFEF2CDA0E61F19AC</text></value>
		</field>
		<field k='Image'>
			<value><text>C:\Windows\System32\reg.exe</text></value>
		</field>
		<field k='IntegrityLevel'>
			<value><text>Medium</text></value>
		</field>
		<field k='Keywords'>
			<value><text>None</text></value>
		</field>
		<field k='LogName'>
			<value><text>Microsoft-Windows-Sysmon/Operational</text></value>
		</field>
		<field k='LogonGuid'>
			<value><text>{af67959a-c641-66e3-a091-0c0000000000}</text></value>
		</field>
		<field k='LogonId'>
			<value><text>0xC91A0</text></value>
		</field>
		<field k='Message'>
			<value><text>Process Create:
RuleName: -
UtcTime: 2024-09-13 07:53:54.465
ProcessGuid: {af67959a-ef92-66e3-8105-000000000c00}
ProcessId: 2060
Image: C:\Windows\System32\reg.exe
FileVersion: 10.0.19041.1 (WinBuild.160101.0800)
Description: Registry Console Tool
Product: Microsoft® Windows® Operating System
Company: Microsoft Corporation
OriginalFileName: reg.exe
CommandLine: reg  add &quot;HKCU\Software\TestSoftware&quot; /v TestValue /d &quot;Modified Data-ITC590 2024&quot; /f
CurrentDirectory: C:\Users\Andrew_11795566\Desktop\Exes\ITC590-three executable-Assignment Item 2 (1)\ITC590-three executable-Assignment Item 2\
User: ANDREW-11795566\Andrew_11795566
LogonGuid: {af67959a-c641-66e3-a091-0c0000000000}
LogonId: 0xC91A0
TerminalSessionId: 1
IntegrityLevel: Medium
Hashes: MD5=227F63E1D9008B36BDBCC4B397780BE4,SHA256=C0E25B1F9B22DE445298C1E96DDFCEAD265CA030FA6626F61A4A4786CC4A3B7D,IMPHASH=BE482BE427FE212CFEF2CDA0E61F19AC
ParentProcessGuid: {af67959a-ef92-66e3-7f05-000000000c00}
ParentProcessId: 6456
ParentImage: C:\Windows\System32\cmd.exe
ParentCommandLine: C:\Windows\system32\cmd.exe /c reg add &quot;HKCU\Software\TestSoftware&quot; /v TestValue /d &quot;Modified Data-ITC590 2024&quot; /f
ParentUser: ANDREW-11795566\Andrew_11795566</text></value>
		</field>
		<field k='OpCode'>
			<value><text>Info</text></value>
		</field>
		<field k='OriginalFileName'>
			<value><text>reg.exe</text></value>
		</field>
		<field k='ParentCommandLine'>
			<value><text>C:\Windows\system32\cmd.exe /c reg add &quot;HKCU\Software\TestSoftware&quot; /v TestValue /d &quot;Modified Data-ITC590 2024&quot; /f</text></value>
		</field>
		<field k='ParentImage'>
			<value><text>C:\Windows\System32\cmd.exe</text></value>
		</field>
		<field k='ParentProcessGuid'>
			<value><text>{af67959a-ef92-66e3-7f05-000000000c00}</text></value>
		</field>
		<field k='ParentProcessId'>
			<value><text>6456</text></value>
		</field>
		<field k='ParentUser'>
			<value><text>ANDREW-11795566\Andrew_11795566</text></value>
		</field>
		<field k='ProcessGuid'>
			<value><text>{af67959a-ef92-66e3-8105-000000000c00}</text></value>
		</field>
		<field k='ProcessId'>
			<value><text>2060</text></value>
		</field>
		<field k='Product'>
			<value><text>Microsoft® Windows® Operating System</text></value>
		</field>
		<field k='RecordNumber'>
			<value><text>7240</text></value>
		</field>
		<field k='RuleName'>
			<value><text>-</text></value>
		</field>
		<field k='Sid'>
			<value><text>S-1-5-18</text></value>
		</field>
		<field k='SidType'>
			<value><text>0</text></value>
		</field>
		<field k='SourceName'>
			<value><text>Microsoft-Windows-Sysmon</text></value>
		</field>
		<field k='TaskCategory'>
			<value><text>Process Create (rule: ProcessCreate)</text></value>
		</field>
		<field k='TerminalSessionId'>
			<value><text>1</text></value>
		</field>
		<field k='Type'>
			<value><text>Information</text></value>
		</field>
		<field k='User'>
			<value><text>NOT_TRANSLATED</text></value>
			<value><text>ANDREW-11795566\Andrew_11795566</text></value>
		</field>
		<field k='UtcTime'>
			<value><text>2024-09-13 07:53:54.465</text></value>
		</field>
		<field k='_raw'><v xml:space='preserve' trunc='0'>09/13/2024 05:53:54 PM
LogName=Microsoft-Windows-Sysmon/Operational
EventCode=1
EventType=4
ComputerName=Andrew-11795566
User=NOT_TRANSLATED
Sid=S-1-5-18
SidType=0
SourceName=Microsoft-Windows-Sysmon
Type=Information
RecordNumber=7240
Keywords=None
TaskCategory=Process Create (rule: ProcessCreate)
OpCode=Info
Message=Process Create:
RuleName: -
UtcTime: 2024-09-13 07:53:54.465
ProcessGuid: {af67959a-ef92-66e3-8105-000000000c00}
ProcessId: 2060
Image: C:\Windows\System32\reg.exe
FileVersion: 10.0.19041.1 (WinBuild.160101.0800)
Description: Registry Console Tool
Product: Microsoft® Windows® Operating System
Company: Microsoft Corporation
OriginalFileName: reg.exe
CommandLine: reg  add &quot;HKCU\Software\TestSoftware&quot; /v TestValue /d &quot;Modified Data-ITC590 2024&quot; /f
CurrentDirectory: C:\Users\Andrew_11795566\Desktop\Exes\ITC590-three executable-Assignment Item 2 (1)\ITC590-three executable-Assignment Item 2\
User: ANDREW-11795566\Andrew_11795566
LogonGuid: {af67959a-c641-66e3-a091-0c0000000000}
LogonId: 0xC91A0
TerminalSessionId: 1
IntegrityLevel: Medium
Hashes: MD5=227F63E1D9008B36BDBCC4B397780BE4,SHA256=C0E25B1F9B22DE445298C1E96DDFCEAD265CA030FA6626F61A4A4786CC4A3B7D,IMPHASH=BE482BE427FE212CFEF2CDA0E61F19AC
ParentProcessGuid: {af67959a-ef92-66e3-7f05-000000000c00}
ParentProcessId: 6456
ParentImage: C:\Windows\System32\cmd.exe
ParentCommandLine: C:\Windows\system32\cmd.exe /c reg add &quot;HKCU\Software\TestSoftware&quot; /v TestValue /d &quot;Modified Data-ITC590 2024&quot; /f
ParentUser: ANDREW-11795566\Andrew_11795566</v></field>
		<field k='_time'>
			<value><text>2024-09-13T17:53:54.000+1000</text></value>
		</field>
		<field k='host'>
			<value><text>ANDREW-11795566</text></value>
		</field>
		<field k='index'>
			<value h='1'><text>sysmon</text></value>
		</field>
		<field k='linecount'>
			<value><text>38</text></value>
		</field>
		<field k='punct'>
			<value><text>//_::_=--/===-==---==--====__(:_)==_:\r:_-\r:_--_::.</text></value>
		</field>
		<field k='source'>
			<value h='1'><text>WinEventLog:Microsoft-Windows-Sysmon/Operational</text></value>
		</field>
		<field k='sourcetype'>
			<value><text>XmlWinEventLog</text></value>
		</field>
		<field k='splunk_server'>
			<value><text>andrew-11795566</text></value>
		</field>
	</result>
	<result offset='7'>
		<field k='CommandLine'>
			<value><text>C:\Windows\system32\cmd.exe /c reg add &quot;HKCU\Software\TestSoftware&quot; /v TestValue /d &quot;Modified Data-ITC590 2024&quot; /f</text></value>
		</field>
		<field k='Company'>
			<value><text>Microsoft Corporation</text></value>
		</field>
		<field k='ComputerName'>
			<value><text>Andrew-11795566</text></value>
		</field>
		<field k='CurrentDirectory'>
			<value><text>C:\Users\Andrew_11795566\Desktop\Exes\ITC590-three executable-Assignment Item 2 (1)\ITC590-three executable-Assignment Item 2\</text></value>
		</field>
		<field k='Description'>
			<value><text>Windows Command Processor</text></value>
		</field>
		<field k='EventCode'>
			<value><text>1</text></value>
		</field>
		<field k='EventType'>
			<value><text>4</text></value>
		</field>
		<field k='FileVersion'>
			<value><text>10.0.19041.4355 (WinBuild.160101.0800)</text></value>
		</field>
		<field k='Hashes'>
			<value><text>MD5=2B40C98ED0F7A1D3B091A3E8353132DC,SHA256=BADF4752413CB0CBDC03FB95820CA167F0CDC63B597CCDB5EF43111180E088B0,IMPHASH=272245E2988E1E430500B852C4FB5E18</text></value>
		</field>
		<field k='Image'>
			<value><text>C:\Windows\System32\cmd.exe</text></value>
		</field>
		<field k='IntegrityLevel'>
			<value><text>Medium</text></value>
		</field>
		<field k='Keywords'>
			<value><text>None</text></value>
		</field>
		<field k='LogName'>
			<value><text>Microsoft-Windows-Sysmon/Operational</text></value>
		</field>
		<field k='LogonGuid'>
			<value><text>{af67959a-c641-66e3-a091-0c0000000000}</text></value>
		</field>
		<field k='LogonId'>
			<value><text>0xC91A0</text></value>
		</field>
		<field k='Message'>
			<value><text>Process Create:
RuleName: -
UtcTime: 2024-09-13 07:53:54.344
ProcessGuid: {af67959a-ef92-66e3-7f05-000000000c00}
ProcessId: 6456
Image: C:\Windows\System32\cmd.exe
FileVersion: 10.0.19041.4355 (WinBuild.160101.0800)
Description: Windows Command Processor
Product: Microsoft® Windows® Operating System
Company: Microsoft Corporation
OriginalFileName: Cmd.Exe
CommandLine: C:\Windows\system32\cmd.exe /c reg add &quot;HKCU\Software\TestSoftware&quot; /v TestValue /d &quot;Modified Data-ITC590 2024&quot; /f
CurrentDirectory: C:\Users\Andrew_11795566\Desktop\Exes\ITC590-three executable-Assignment Item 2 (1)\ITC590-three executable-Assignment Item 2\
User: ANDREW-11795566\Andrew_11795566
LogonGuid: {af67959a-c641-66e3-a091-0c0000000000}
LogonId: 0xC91A0
TerminalSessionId: 1
IntegrityLevel: Medium
Hashes: MD5=2B40C98ED0F7A1D3B091A3E8353132DC,SHA256=BADF4752413CB0CBDC03FB95820CA167F0CDC63B597CCDB5EF43111180E088B0,IMPHASH=272245E2988E1E430500B852C4FB5E18
ParentProcessGuid: {af67959a-ef91-66e3-7b05-000000000c00}
ParentProcessId: 532
ParentImage: C:\Users\Andrew_11795566\Desktop\Exes\ITC590-three executable-Assignment Item 2 (1)\ITC590-three executable-Assignment Item 2\ITC590-Script 2 V1-2024.exe
ParentCommandLine: &quot;C:\Users\Andrew_11795566\Desktop\Exes\ITC590-three executable-Assignment Item 2 (1)\ITC590-three executable-Assignment Item 2\ITC590-Script 2 V1-2024.exe&quot;
ParentUser: ANDREW-11795566\Andrew_11795566</text></value>
		</field>
		<field k='OpCode'>
			<value><text>Info</text></value>
		</field>
		<field k='OriginalFileName'>
			<value><text>Cmd.Exe</text></value>
		</field>
		<field k='ParentCommandLine'>
			<value><text>&quot;C:\Users\Andrew_11795566\Desktop\Exes\ITC590-three executable-Assignment Item 2 (1)\ITC590-three executable-Assignment Item 2\ITC590-Script 2 V1-2024.exe&quot;</text></value>
		</field>
		<field k='ParentImage'>
			<value><text>C:\Users\Andrew_11795566\Desktop\Exes\ITC590-three executable-Assignment Item 2 (1)\ITC590-three executable-Assignment Item 2\ITC590-Script 2 V1-2024.exe</text></value>
		</field>
		<field k='ParentProcessGuid'>
			<value><text>{af67959a-ef91-66e3-7b05-000000000c00}</text></value>
		</field>
		<field k='ParentProcessId'>
			<value><text>532</text></value>
		</field>
		<field k='ParentUser'>
			<value><text>ANDREW-11795566\Andrew_11795566</text></value>
		</field>
		<field k='ProcessGuid'>
			<value><text>{af67959a-ef92-66e3-7f05-000000000c00}</text></value>
		</field>
		<field k='ProcessId'>
			<value><text>6456</text></value>
		</field>
		<field k='Product'>
			<value><text>Microsoft® Windows® Operating System</text></value>
		</field>
		<field k='RecordNumber'>
			<value><text>7239</text></value>
		</field>
		<field k='RuleName'>
			<value><text>-</text></value>
		</field>
		<field k='Sid'>
			<value><text>S-1-5-18</text></value>
		</field>
		<field k='SidType'>
			<value><text>0</text></value>
		</field>
		<field k='SourceName'>
			<value><text>Microsoft-Windows-Sysmon</text></value>
		</field>
		<field k='TaskCategory'>
			<value><text>Process Create (rule: ProcessCreate)</text></value>
		</field>
		<field k='TerminalSessionId'>
			<value><text>1</text></value>
		</field>
		<field k='Type'>
			<value><text>Information</text></value>
		</field>
		<field k='User'>
			<value><text>NOT_TRANSLATED</text></value>
			<value><text>ANDREW-11795566\Andrew_11795566</text></value>
		</field>
		<field k='UtcTime'>
			<value><text>2024-09-13 07:53:54.344</text></value>
		</field>
		<field k='_raw'><v xml:space='preserve' trunc='0'>09/13/2024 05:53:54 PM
LogName=Microsoft-Windows-Sysmon/Operational
EventCode=1
EventType=4
ComputerName=Andrew-11795566
User=NOT_TRANSLATED
Sid=S-1-5-18
SidType=0
SourceName=Microsoft-Windows-Sysmon
Type=Information
RecordNumber=7239
Keywords=None
TaskCategory=Process Create (rule: ProcessCreate)
OpCode=Info
Message=Process Create:
RuleName: -
UtcTime: 2024-09-13 07:53:54.344
ProcessGuid: {af67959a-ef92-66e3-7f05-000000000c00}
ProcessId: 6456
Image: C:\Windows\System32\cmd.exe
FileVersion: 10.0.19041.4355 (WinBuild.160101.0800)
Description: Windows Command Processor
Product: Microsoft® Windows® Operating System
Company: Microsoft Corporation
OriginalFileName: Cmd.Exe
CommandLine: C:\Windows\system32\cmd.exe /c reg add &quot;HKCU\Software\TestSoftware&quot; /v TestValue /d &quot;Modified Data-ITC590 2024&quot; /f
CurrentDirectory: C:\Users\Andrew_11795566\Desktop\Exes\ITC590-three executable-Assignment Item 2 (1)\ITC590-three executable-Assignment Item 2\
User: ANDREW-11795566\Andrew_11795566
LogonGuid: {af67959a-c641-66e3-a091-0c0000000000}
LogonId: 0xC91A0
TerminalSessionId: 1
IntegrityLevel: Medium
Hashes: MD5=2B40C98ED0F7A1D3B091A3E8353132DC,SHA256=BADF4752413CB0CBDC03FB95820CA167F0CDC63B597CCDB5EF43111180E088B0,IMPHASH=272245E2988E1E430500B852C4FB5E18
ParentProcessGuid: {af67959a-ef91-66e3-7b05-000000000c00}
ParentProcessId: 532
ParentImage: C:\Users\Andrew_11795566\Desktop\Exes\ITC590-three executable-Assignment Item 2 (1)\ITC590-three executable-Assignment Item 2\ITC590-Script 2 V1-2024.exe
ParentCommandLine: &quot;C:\Users\Andrew_11795566\Desktop\Exes\ITC590-three executable-Assignment Item 2 (1)\ITC590-three executable-Assignment Item 2\ITC590-Script 2 V1-2024.exe&quot;
ParentUser: ANDREW-11795566\Andrew_11795566</v></field>
		<field k='_time'>
			<value><text>2024-09-13T17:53:54.000+1000</text></value>
		</field>
		<field k='host'>
			<value><text>ANDREW-11795566</text></value>
		</field>
		<field k='index'>
			<value h='1'><text>sysmon</text></value>
		</field>
		<field k='linecount'>
			<value><text>38</text></value>
		</field>
		<field k='punct'>
			<value><text>//_::_=--/===-==---==--====__(:_)==_:\r:_-\r:_--_::.</text></value>
		</field>
		<field k='source'>
			<value h='1'><text>WinEventLog:Microsoft-Windows-Sysmon/Operational</text></value>
		</field>
		<field k='sourcetype'>
			<value><text>XmlWinEventLog</text></value>
		</field>
		<field k='splunk_server'>
			<value><text>andrew-11795566</text></value>
		</field>
	</result>
	<result offset='8'>
		<field k='CommandLine'>
			<value><text>reg  add &quot;HKCU\Software\TestSoftware&quot; /v TestValue /d &quot;Test Data&quot; /f</text></value>
		</field>
		<field k='Company'>
			<value><text>Microsoft Corporation</text></value>
		</field>
		<field k='ComputerName'>
			<value><text>Andrew-11795566</text></value>
		</field>
		<field k='CurrentDirectory'>
			<value><text>C:\Users\Andrew_11795566\Desktop\Exes\ITC590-three executable-Assignment Item 2 (1)\ITC590-three executable-Assignment Item 2\</text></value>
		</field>
		<field k='Description'>
			<value><text>Registry Console Tool</text></value>
		</field>
		<field k='EventCode'>
			<value><text>1</text></value>
		</field>
		<field k='EventType'>
			<value><text>4</text></value>
		</field>
		<field k='FileVersion'>
			<value><text>10.0.19041.1 (WinBuild.160101.0800)</text></value>
		</field>
		<field k='Hashes'>
			<value><text>MD5=227F63E1D9008B36BDBCC4B397780BE4,SHA256=C0E25B1F9B22DE445298C1E96DDFCEAD265CA030FA6626F61A4A4786CC4A3B7D,IMPHASH=BE482BE427FE212CFEF2CDA0E61F19AC</text></value>
		</field>
		<field k='Image'>
			<value><text>C:\Windows\System32\reg.exe</text></value>
		</field>
		<field k='IntegrityLevel'>
			<value><text>Medium</text></value>
		</field>
		<field k='Keywords'>
			<value><text>None</text></value>
		</field>
		<field k='LogName'>
			<value><text>Microsoft-Windows-Sysmon/Operational</text></value>
		</field>
		<field k='LogonGuid'>
			<value><text>{af67959a-c641-66e3-a091-0c0000000000}</text></value>
		</field>
		<field k='LogonId'>
			<value><text>0xC91A0</text></value>
		</field>
		<field k='Message'>
			<value><text>Process Create:
RuleName: -
UtcTime: 2024-09-13 07:53:54.297
ProcessGuid: {af67959a-ef92-66e3-7e05-000000000c00}
ProcessId: 5236
Image: C:\Windows\System32\reg.exe
FileVersion: 10.0.19041.1 (WinBuild.160101.0800)
Description: Registry Console Tool
Product: Microsoft® Windows® Operating System
Company: Microsoft Corporation
OriginalFileName: reg.exe
CommandLine: reg  add &quot;HKCU\Software\TestSoftware&quot; /v TestValue /d &quot;Test Data&quot; /f
CurrentDirectory: C:\Users\Andrew_11795566\Desktop\Exes\ITC590-three executable-Assignment Item 2 (1)\ITC590-three executable-Assignment Item 2\
User: ANDREW-11795566\Andrew_11795566
LogonGuid: {af67959a-c641-66e3-a091-0c0000000000}
LogonId: 0xC91A0
TerminalSessionId: 1
IntegrityLevel: Medium
Hashes: MD5=227F63E1D9008B36BDBCC4B397780BE4,SHA256=C0E25B1F9B22DE445298C1E96DDFCEAD265CA030FA6626F61A4A4786CC4A3B7D,IMPHASH=BE482BE427FE212CFEF2CDA0E61F19AC
ParentProcessGuid: {af67959a-ef92-66e3-7c05-000000000c00}
ParentProcessId: 4716
ParentImage: C:\Windows\System32\cmd.exe
ParentCommandLine: C:\Windows\system32\cmd.exe /c reg add &quot;HKCU\Software\TestSoftware&quot; /v TestValue /d &quot;Test Data&quot; /f
ParentUser: ANDREW-11795566\Andrew_11795566</text></value>
		</field>
		<field k='OpCode'>
			<value><text>Info</text></value>
		</field>
		<field k='OriginalFileName'>
			<value><text>reg.exe</text></value>
		</field>
		<field k='ParentCommandLine'>
			<value><text>C:\Windows\system32\cmd.exe /c reg add &quot;HKCU\Software\TestSoftware&quot; /v TestValue /d &quot;Test Data&quot; /f</text></value>
		</field>
		<field k='ParentImage'>
			<value><text>C:\Windows\System32\cmd.exe</text></value>
		</field>
		<field k='ParentProcessGuid'>
			<value><text>{af67959a-ef92-66e3-7c05-000000000c00}</text></value>
		</field>
		<field k='ParentProcessId'>
			<value><text>4716</text></value>
		</field>
		<field k='ParentUser'>
			<value><text>ANDREW-11795566\Andrew_11795566</text></value>
		</field>
		<field k='ProcessGuid'>
			<value><text>{af67959a-ef92-66e3-7e05-000000000c00}</text></value>
		</field>
		<field k='ProcessId'>
			<value><text>5236</text></value>
		</field>
		<field k='Product'>
			<value><text>Microsoft® Windows® Operating System</text></value>
		</field>
		<field k='RecordNumber'>
			<value><text>7238</text></value>
		</field>
		<field k='RuleName'>
			<value><text>-</text></value>
		</field>
		<field k='Sid'>
			<value><text>S-1-5-18</text></value>
		</field>
		<field k='SidType'>
			<value><text>0</text></value>
		</field>
		<field k='SourceName'>
			<value><text>Microsoft-Windows-Sysmon</text></value>
		</field>
		<field k='TaskCategory'>
			<value><text>Process Create (rule: ProcessCreate)</text></value>
		</field>
		<field k='TerminalSessionId'>
			<value><text>1</text></value>
		</field>
		<field k='Type'>
			<value><text>Information</text></value>
		</field>
		<field k='User'>
			<value><text>NOT_TRANSLATED</text></value>
			<value><text>ANDREW-11795566\Andrew_11795566</text></value>
		</field>
		<field k='UtcTime'>
			<value><text>2024-09-13 07:53:54.297</text></value>
		</field>
		<field k='_raw'><v xml:space='preserve' trunc='0'>09/13/2024 05:53:54 PM
LogName=Microsoft-Windows-Sysmon/Operational
EventCode=1
EventType=4
ComputerName=Andrew-11795566
User=NOT_TRANSLATED
Sid=S-1-5-18
SidType=0
SourceName=Microsoft-Windows-Sysmon
Type=Information
