RecordNumber=7238
Keywords=None
TaskCategory=Process Create (rule: ProcessCreate)
OpCode=Info
Message=Process Create:
RuleName: -
UtcTime: 2024-09-13 07:53:54.297
ProcessGuid: {af67959a-ef92-66e3-7e05-000000000c00}
ProcessId: 5236
Image: C:\Windows\System32\reg.exe
FileVersion: 10.0.19041.1 (WinBuild.160101.0800)
Description: Registry Console Tool
Product: Microsoft® Windows® Operating System
Company: Microsoft Corporation
OriginalFileName: reg.exe
CommandLine: reg  add &quot;HKCU\Software\TestSoftware&quot; /v TestValue /d &quot;Test Data&quot; /f
CurrentDirectory: C:\Users\Andrew_11795566\Desktop\Exes\ITC590-three executable-Assignment Item 2 (1)\ITC590-three executable-Assignment Item 2\
User: ANDREW-11795566\Andrew_11795566
LogonGuid: {af67959a-c641-66e3-a091-0c0000000000}
LogonId: 0xC91A0
TerminalSessionId: 1
IntegrityLevel: Medium
Hashes: MD5=227F63E1D9008B36BDBCC4B397780BE4,SHA256=C0E25B1F9B22DE445298C1E96DDFCEAD265CA030FA6626F61A4A4786CC4A3B7D,IMPHASH=BE482BE427FE212CFEF2CDA0E61F19AC
ParentProcessGuid: {af67959a-ef92-66e3-7c05-000000000c00}
ParentProcessId: 4716
ParentImage: C:\Windows\System32\cmd.exe
ParentCommandLine: C:\Windows\system32\cmd.exe /c reg add &quot;HKCU\Software\TestSoftware&quot; /v TestValue /d &quot;Test Data&quot; /f
ParentUser: ANDREW-11795566\Andrew_11795566</v></field>
		<field k='_time'>
			<value><text>2024-09-13T17:53:54.000+1000</text></value>
		</field>
		<field k='host'>
			<value><text>ANDREW-11795566</text></value>
		</field>
		<field k='index'>
			<value h='1'><text>sysmon</text></value>
		</field>
		<field k='linecount'>
			<value><text>38</text></value>
		</field>
		<field k='punct'>
			<value><text>//_::_=--/===-==---==--====__(:_)==_:\r:_-\r:_--_::.</text></value>
		</field>
		<field k='source'>
			<value h='1'><text>WinEventLog:Microsoft-Windows-Sysmon/Operational</text></value>
		</field>
		<field k='sourcetype'>
			<value><text>XmlWinEventLog</text></value>
		</field>
		<field k='splunk_server'>
			<value><text>andrew-11795566</text></value>
		</field>
	</result>
	<result offset='9'>
		<field k='CommandLine'>
			<value><text>C:\Windows\system32\cmd.exe /c reg add &quot;HKCU\Software\TestSoftware&quot; /v TestValue /d &quot;Test Data&quot; /f</text></value>
		</field>
		<field k='Company'>
			<value><text>Microsoft Corporation</text></value>
		</field>
		<field k='ComputerName'>
			<value><text>Andrew-11795566</text></value>
		</field>
		<field k='CurrentDirectory'>
			<value><text>C:\Users\Andrew_11795566\Desktop\Exes\ITC590-three executable-Assignment Item 2 (1)\ITC590-three executable-Assignment Item 2\</text></value>
		</field>
		<field k='Description'>
			<value><text>Windows Command Processor</text></value>
		</field>
		<field k='EventCode'>
			<value><text>1</text></value>
		</field>
		<field k='EventType'>
			<value><text>4</text></value>
		</field>
		<field k='FileVersion'>
			<value><text>10.0.19041.4355 (WinBuild.160101.0800)</text></value>
		</field>
		<field k='Hashes'>
			<value><text>MD5=2B40C98ED0F7A1D3B091A3E8353132DC,SHA256=BADF4752413CB0CBDC03FB95820CA167F0CDC63B597CCDB5EF43111180E088B0,IMPHASH=272245E2988E1E430500B852C4FB5E18</text></value>
		</field>
		<field k='Image'>
			<value><text>C:\Windows\System32\cmd.exe</text></value>
		</field>
		<field k='IntegrityLevel'>
			<value><text>Medium</text></value>
		</field>
		<field k='Keywords'>
			<value><text>None</text></value>
		</field>
		<field k='LogName'>
			<value><text>Microsoft-Windows-Sysmon/Operational</text></value>
		</field>
		<field k='LogonGuid'>
			<value><text>{af67959a-c641-66e3-a091-0c0000000000}</text></value>
		</field>
		<field k='LogonId'>
			<value><text>0xC91A0</text></value>
		</field>
		<field k='Message'>
			<value><text>Process Create:
RuleName: -
UtcTime: 2024-09-13 07:53:54.094
ProcessGuid: {af67959a-ef92-66e3-7c05-000000000c00}
ProcessId: 4716
Image: C:\Windows\System32\cmd.exe
FileVersion: 10.0.19041.4355 (WinBuild.160101.0800)
Description: Windows Command Processor
Product: Microsoft® Windows® Operating System
Company: Microsoft Corporation
OriginalFileName: Cmd.Exe
CommandLine: C:\Windows\system32\cmd.exe /c reg add &quot;HKCU\Software\TestSoftware&quot; /v TestValue /d &quot;Test Data&quot; /f
CurrentDirectory: C:\Users\Andrew_11795566\Desktop\Exes\ITC590-three executable-Assignment Item 2 (1)\ITC590-three executable-Assignment Item 2\
User: ANDREW-11795566\Andrew_11795566
LogonGuid: {af67959a-c641-66e3-a091-0c0000000000}
LogonId: 0xC91A0
TerminalSessionId: 1
IntegrityLevel: Medium
Hashes: MD5=2B40C98ED0F7A1D3B091A3E8353132DC,SHA256=BADF4752413CB0CBDC03FB95820CA167F0CDC63B597CCDB5EF43111180E088B0,IMPHASH=272245E2988E1E430500B852C4FB5E18
ParentProcessGuid: {af67959a-ef91-66e3-7b05-000000000c00}
ParentProcessId: 532
ParentImage: C:\Users\Andrew_11795566\Desktop\Exes\ITC590-three executable-Assignment Item 2 (1)\ITC590-three executable-Assignment Item 2\ITC590-Script 2 V1-2024.exe
ParentCommandLine: &quot;C:\Users\Andrew_11795566\Desktop\Exes\ITC590-three executable-Assignment Item 2 (1)\ITC590-three executable-Assignment Item 2\ITC590-Script 2 V1-2024.exe&quot;
ParentUser: ANDREW-11795566\Andrew_11795566</text></value>
		</field>
		<field k='OpCode'>
			<value><text>Info</text></value>
		</field>
		<field k='OriginalFileName'>
			<value><text>Cmd.Exe</text></value>
		</field>
		<field k='ParentCommandLine'>
			<value><text>&quot;C:\Users\Andrew_11795566\Desktop\Exes\ITC590-three executable-Assignment Item 2 (1)\ITC590-three executable-Assignment Item 2\ITC590-Script 2 V1-2024.exe&quot;</text></value>
		</field>
		<field k='ParentImage'>
			<value><text>C:\Users\Andrew_11795566\Desktop\Exes\ITC590-three executable-Assignment Item 2 (1)\ITC590-three executable-Assignment Item 2\ITC590-Script 2 V1-2024.exe</text></value>
		</field>
		<field k='ParentProcessGuid'>
			<value><text>{af67959a-ef91-66e3-7b05-000000000c00}</text></value>
		</field>
		<field k='ParentProcessId'>
			<value><text>532</text></value>
		</field>
		<field k='ParentUser'>
			<value><text>ANDREW-11795566\Andrew_11795566</text></value>
		</field>
		<field k='ProcessGuid'>
			<value><text>{af67959a-ef92-66e3-7c05-000000000c00}</text></value>
		</field>
		<field k='ProcessId'>
			<value><text>4716</text></value>
		</field>
		<field k='Product'>
			<value><text>Microsoft® Windows® Operating System</text></value>
		</field>
		<field k='RecordNumber'>
			<value><text>7237</text></value>
		</field>
		<field k='RuleName'>
			<value><text>-</text></value>
		</field>
		<field k='Sid'>
			<value><text>S-1-5-18</text></value>
		</field>
		<field k='SidType'>
			<value><text>0</text></value>
		</field>
		<field k='SourceName'>
			<value><text>Microsoft-Windows-Sysmon</text></value>
		</field>
		<field k='TaskCategory'>
			<value><text>Process Create (rule: ProcessCreate)</text></value>
		</field>
		<field k='TerminalSessionId'>
			<value><text>1</text></value>
		</field>
		<field k='Type'>
			<value><text>Information</text></value>
		</field>
		<field k='User'>
			<value><text>NOT_TRANSLATED</text></value>
			<value><text>ANDREW-11795566\Andrew_11795566</text></value>
		</field>
		<field k='UtcTime'>
			<value><text>2024-09-13 07:53:54.094</text></value>
		</field>
		<field k='_raw'><v xml:space='preserve' trunc='0'>09/13/2024 05:53:54 PM
LogName=Microsoft-Windows-Sysmon/Operational
EventCode=1
EventType=4
ComputerName=Andrew-11795566
User=NOT_TRANSLATED
Sid=S-1-5-18
SidType=0
SourceName=Microsoft-Windows-Sysmon
Type=Information
RecordNumber=7237
Keywords=None
TaskCategory=Process Create (rule: ProcessCreate)
OpCode=Info
Message=Process Create:
RuleName: -
UtcTime: 2024-09-13 07:53:54.094
ProcessGuid: {af67959a-ef92-66e3-7c05-000000000c00}
ProcessId: 4716
Image: C:\Windows\System32\cmd.exe
FileVersion: 10.0.19041.4355 (WinBuild.160101.0800)
Description: Windows Command Processor
Product: Microsoft® Windows® Operating System
Company: Microsoft Corporation
OriginalFileName: Cmd.Exe
CommandLine: C:\Windows\system32\cmd.exe /c reg add &quot;HKCU\Software\TestSoftware&quot; /v TestValue /d &quot;Test Data&quot; /f
CurrentDirectory: C:\Users\Andrew_11795566\Desktop\Exes\ITC590-three executable-Assignment Item 2 (1)\ITC590-three executable-Assignment Item 2\
User: ANDREW-11795566\Andrew_11795566
LogonGuid: {af67959a-c641-66e3-a091-0c0000000000}
LogonId: 0xC91A0
TerminalSessionId: 1
IntegrityLevel: Medium
Hashes: MD5=2B40C98ED0F7A1D3B091A3E8353132DC,SHA256=BADF4752413CB0CBDC03FB95820CA167F0CDC63B597CCDB5EF43111180E088B0,IMPHASH=272245E2988E1E430500B852C4FB5E18
ParentProcessGuid: {af67959a-ef91-66e3-7b05-000000000c00}
ParentProcessId: 532
ParentImage: C:\Users\Andrew_11795566\Desktop\Exes\ITC590-three executable-Assignment Item 2 (1)\ITC590-three executable-Assignment Item 2\ITC590-Script 2 V1-2024.exe
ParentCommandLine: &quot;C:\Users\Andrew_11795566\Desktop\Exes\ITC590-three executable-Assignment Item 2 (1)\ITC590-three executable-Assignment Item 2\ITC590-Script 2 V1-2024.exe&quot;
ParentUser: ANDREW-11795566\Andrew_11795566</v></field>
		<field k='_time'>
			<value><text>2024-09-13T17:53:54.000+1000</text></value>
		</field>
		<field k='host'>
			<value><text>ANDREW-11795566</text></value>
		</field>
		<field k='index'>
			<value h='1'><text>sysmon</text></value>
		</field>
		<field k='linecount'>
			<value><text>38</text></value>
		</field>
		<field k='punct'>
			<value><text>//_::_=--/===-==---==--====__(:_)==_:\r:_-\r:_--_::.</text></value>
		</field>
		<field k='source'>
			<value h='1'><text>WinEventLog:Microsoft-Windows-Sysmon/Operational</text></value>
		</field>
		<field k='sourcetype'>
			<value><text>XmlWinEventLog</text></value>
		</field>
		<field k='splunk_server'>
			<value><text>andrew-11795566</text></value>
		</field>
	</result>
	<result offset='10'>
		<field k='CommandLine'>
			<value><text>&quot;C:\Users\Andrew_11795566\Desktop\Exes\ITC590-three executable-Assignment Item 2 (1)\ITC590-three executable-Assignment Item 2\ITC590-Script 2 V1-2024.exe&quot;</text></value>
		</field>
		<field k='Company'>
			<value><text>-</text></value>
		</field>
		<field k='ComputerName'>
			<value><text>Andrew-11795566</text></value>
		</field>
		<field k='CurrentDirectory'>
			<value><text>C:\Users\Andrew_11795566\Desktop\Exes\ITC590-three executable-Assignment Item 2 (1)\ITC590-three executable-Assignment Item 2\</text></value>
		</field>
		<field k='Description'>
			<value><text>-</text></value>
		</field>
		<field k='EventCode'>
			<value><text>1</text></value>
		</field>
		<field k='EventType'>
			<value><text>4</text></value>
		</field>
		<field k='FileVersion'>
			<value><text>-</text></value>
		</field>
		<field k='Hashes'>
			<value><text>MD5=4AC074744836B3742200B03807655BD9,SHA256=918BF06D20F2240938FC8A940A4B019CC573CEE762EE169CE3E2FBA155D5796B,IMPHASH=72C4E339B7AF8AB1ED2EB3821C98713A</text></value>
		</field>
		<field k='Image'>
			<value><text>C:\Users\Andrew_11795566\Desktop\Exes\ITC590-three executable-Assignment Item 2 (1)\ITC590-three executable-Assignment Item 2\ITC590-Script 2 V1-2024.exe</text></value>
		</field>
		<field k='IntegrityLevel'>
			<value><text>Medium</text></value>
		</field>
		<field k='Keywords'>
			<value><text>None</text></value>
		</field>
		<field k='LogName'>
			<value><text>Microsoft-Windows-Sysmon/Operational</text></value>
		</field>
		<field k='LogonGuid'>
			<value><text>{af67959a-c641-66e3-a091-0c0000000000}</text></value>
		</field>
		<field k='LogonId'>
			<value><text>0xC91A0</text></value>
		</field>
		<field k='Message'>
			<value><text>Process Create:
RuleName: -
UtcTime: 2024-09-13 07:53:53.992
ProcessGuid: {af67959a-ef91-66e3-7b05-000000000c00}
ProcessId: 532
Image: C:\Users\Andrew_11795566\Desktop\Exes\ITC590-three executable-Assignment Item 2 (1)\ITC590-three executable-Assignment Item 2\ITC590-Script 2 V1-2024.exe
FileVersion: -
Description: -
Product: -
Company: -
OriginalFileName: -
CommandLine: &quot;C:\Users\Andrew_11795566\Desktop\Exes\ITC590-three executable-Assignment Item 2 (1)\ITC590-three executable-Assignment Item 2\ITC590-Script 2 V1-2024.exe&quot;
CurrentDirectory: C:\Users\Andrew_11795566\Desktop\Exes\ITC590-three executable-Assignment Item 2 (1)\ITC590-three executable-Assignment Item 2\
User: ANDREW-11795566\Andrew_11795566
LogonGuid: {af67959a-c641-66e3-a091-0c0000000000}
LogonId: 0xC91A0
TerminalSessionId: 1
IntegrityLevel: Medium
Hashes: MD5=4AC074744836B3742200B03807655BD9,SHA256=918BF06D20F2240938FC8A940A4B019CC573CEE762EE169CE3E2FBA155D5796B,IMPHASH=72C4E339B7AF8AB1ED2EB3821C98713A
ParentProcessGuid: {af67959a-ef91-66e3-7a05-000000000c00}
ParentProcessId: 5092
ParentImage: C:\Users\Andrew_11795566\Desktop\Exes\ITC590-three executable-Assignment Item 2 (1)\ITC590-three executable-Assignment Item 2\ITC590-Script 2 V1-2024.exe
ParentCommandLine: &quot;C:\Users\Andrew_11795566\Desktop\Exes\ITC590-three executable-Assignment Item 2 (1)\ITC590-three executable-Assignment Item 2\ITC590-Script 2 V1-2024.exe&quot;
ParentUser: ANDREW-11795566\Andrew_11795566</text></value>
		</field>
		<field k='OpCode'>
			<value><text>Info</text></value>
		</field>
		<field k='OriginalFileName'>
			<value><text>-</text></value>
		</field>
		<field k='ParentCommandLine'>
			<value><text>&quot;C:\Users\Andrew_11795566\Desktop\Exes\ITC590-three executable-Assignment Item 2 (1)\ITC590-three executable-Assignment Item 2\ITC590-Script 2 V1-2024.exe&quot;</text></value>
		</field>
		<field k='ParentImage'>
			<value><text>C:\Users\Andrew_11795566\Desktop\Exes\ITC590-three executable-Assignment Item 2 (1)\ITC590-three executable-Assignment Item 2\ITC590-Script 2 V1-2024.exe</text></value>
		</field>
		<field k='ParentProcessGuid'>
			<value><text>{af67959a-ef91-66e3-7a05-000000000c00}</text></value>
		</field>
		<field k='ParentProcessId'>
			<value><text>5092</text></value>
		</field>
		<field k='ParentUser'>
			<value><text>ANDREW-11795566\Andrew_11795566</text></value>
		</field>
		<field k='ProcessGuid'>
			<value><text>{af67959a-ef91-66e3-7b05-000000000c00}</text></value>
		</field>
		<field k='ProcessId'>
			<value><text>532</text></value>
		</field>
		<field k='Product'>
			<value><text>-</text></value>
		</field>
		<field k='RecordNumber'>
			<value><text>7236</text></value>
		</field>
		<field k='RuleName'>
			<value><text>-</text></value>
		</field>
		<field k='Sid'>
			<value><text>S-1-5-18</text></value>
		</field>
		<field k='SidType'>
			<value><text>0</text></value>
		</field>
		<field k='SourceName'>
			<value><text>Microsoft-Windows-Sysmon</text></value>
		</field>
		<field k='TaskCategory'>
			<value><text>Process Create (rule: ProcessCreate)</text></value>
		</field>
		<field k='TerminalSessionId'>
			<value><text>1</text></value>
		</field>
		<field k='Type'>
			<value><text>Information</text></value>
		</field>
		<field k='User'>
			<value><text>NOT_TRANSLATED</text></value>
			<value><text>ANDREW-11795566\Andrew_11795566</text></value>
		</field>
		<field k='UtcTime'>
			<value><text>2024-09-13 07:53:53.992</text></value>
		</field>
		<field k='_raw'><v xml:space='preserve' trunc='0'>09/13/2024 05:53:53 PM
LogName=Microsoft-Windows-Sysmon/Operational
EventCode=1
EventType=4
ComputerName=Andrew-11795566
User=NOT_TRANSLATED
Sid=S-1-5-18
SidType=0
SourceName=Microsoft-Windows-Sysmon
Type=Information
RecordNumber=7236
Keywords=None
TaskCategory=Process Create (rule: ProcessCreate)
OpCode=Info
Message=Process Create:
RuleName: -
UtcTime: 2024-09-13 07:53:53.992
ProcessGuid: {af67959a-ef91-66e3-7b05-000000000c00}
ProcessId: 532
Image: C:\Users\Andrew_11795566\Desktop\Exes\ITC590-three executable-Assignment Item 2 (1)\ITC590-three executable-Assignment Item 2\ITC590-Script 2 V1-2024.exe
FileVersion: -
Description: -
Product: -
Company: -
OriginalFileName: -
CommandLine: &quot;C:\Users\Andrew_11795566\Desktop\Exes\ITC590-three executable-Assignment Item 2 (1)\ITC590-three executable-Assignment Item 2\ITC590-Script 2 V1-2024.exe&quot;
CurrentDirectory: C:\Users\Andrew_11795566\Desktop\Exes\ITC590-three executable-Assignment Item 2 (1)\ITC590-three executable-Assignment Item 2\
User: ANDREW-11795566\Andrew_11795566
LogonGuid: {af67959a-c641-66e3-a091-0c0000000000}
LogonId: 0xC91A0
TerminalSessionId: 1
IntegrityLevel: Medium
Hashes: MD5=4AC074744836B3742200B03807655BD9,SHA256=918BF06D20F2240938FC8A940A4B019CC573CEE762EE169CE3E2FBA155D5796B,IMPHASH=72C4E339B7AF8AB1ED2EB3821C98713A
ParentProcessGuid: {af67959a-ef91-66e3-7a05-000000000c00}
ParentProcessId: 5092
ParentImage: C:\Users\Andrew_11795566\Desktop\Exes\ITC590-three executable-Assignment Item 2 (1)\ITC590-three executable-Assignment Item 2\ITC590-Script 2 V1-2024.exe
ParentCommandLine: &quot;C:\Users\Andrew_11795566\Desktop\Exes\ITC590-three executable-Assignment Item 2 (1)\ITC590-three executable-Assignment Item 2\ITC590-Script 2 V1-2024.exe&quot;
ParentUser: ANDREW-11795566\Andrew_11795566</v></field>
		<field k='_time'>
			<value><text>2024-09-13T17:53:53.000+1000</text></value>
		</field>
		<field k='host'>
			<value><text>ANDREW-11795566</text></value>
		</field>
		<field k='index'>
			<value h='1'><text>sysmon</text></value>
		</field>
		<field k='linecount'>
			<value><text>38</text></value>
		</field>
		<field k='punct'>
			<value><text>//_::_=--/===-==---==--====__(:_)==_:\r:_-\r:_--_::.</text></value>
		</field>
		<field k='source'>
			<value h='1'><text>WinEventLog:Microsoft-Windows-Sysmon/Operational</text></value>
		</field>
		<field k='sourcetype'>
			<value><text>XmlWinEventLog</text></value>
		</field>
		<field k='splunk_server'>
			<value><text>andrew-11795566</text></value>
		</field>
	</result>
	<result offset='11'>
		<field k='ComputerName'>
			<value><text>Andrew-11795566</text></value>
		</field>
		<field k='CreationUtcTime'>
			<value><text>2024-09-13 07:53:53.876</text></value>
		</field>
		<field k='EventCode'>
			<value><text>11</text></value>
		</field>
		<field k='EventType'>
			<value><text>4</text></value>
		</field>
		<field k='Image'>
			<value><text>C:\Users\Andrew_11795566\Desktop\Exes\ITC590-three executable-Assignment Item 2 (1)\ITC590-three executable-Assignment Item 2\ITC590-Script 2 V1-2024.exe</text></value>
		</field>
		<field k='Keywords'>
			<value><text>None</text></value>
		</field>
		<field k='LogName'>
			<value><text>Microsoft-Windows-Sysmon/Operational</text></value>
		</field>
		<field k='Message'>
			<value><text>File created:
RuleName: DLL
UtcTime: 2024-09-13 07:53:53.876
ProcessGuid: {af67959a-ef91-66e3-7a05-000000000c00}
ProcessId: 5092
Image: C:\Users\Andrew_11795566\Desktop\Exes\ITC590-three executable-Assignment Item 2 (1)\ITC590-three executable-Assignment Item 2\ITC590-Script 2 V1-2024.exe
TargetFilename: C:\Users\ANDREW~1\AppData\Local\Temp\_MEI50922\python312.dll
CreationUtcTime: 2024-09-13 07:53:53.876
User: ANDREW-11795566\Andrew_11795566</text></value>
		</field>
		<field k='OpCode'>
			<value><text>Info</text></value>
		</field>
		<field k='ProcessGuid'>
			<value><text>{af67959a-ef91-66e3-7a05-000000000c00}</text></value>
		</field>
		<field k='ProcessId'>
			<value><text>5092</text></value>
		</field>
		<field k='RecordNumber'>
			<value><text>7235</text></value>
		</field>
		<field k='RuleName'>
			<value><text>DLL</text></value>
		</field>
		<field k='Sid'>
			<value><text>S-1-5-18</text></value>
		</field>
		<field k='SidType'>
			<value><text>0</text></value>
		</field>
		<field k='SourceName'>
			<value><text>Microsoft-Windows-Sysmon</text></value>
		</field>
		<field k='TargetFilename'>
			<value><text>C:\Users\ANDREW~1\AppData\Local\Temp\_MEI50922\python312.dll</text></value>
		</field>
		<field k='TaskCategory'>
			<value><text>File created (rule: FileCreate)</text></value>
		</field>
		<field k='Type'>
			<value><text>Information</text></value>
		</field>
		<field k='User'>
			<value><text>NOT_TRANSLATED</text></value>
			<value><text>ANDREW-11795566\Andrew_11795566</text></value>
		</field>
		<field k='UtcTime'>
			<value><text>2024-09-13 07:53:53.876</text></value>
		</field>
		<field k='_raw'><v xml:space='preserve' trunc='0'>09/13/2024 05:53:53 PM
LogName=Microsoft-Windows-Sysmon/Operational
EventCode=11
EventType=4
ComputerName=Andrew-11795566
User=NOT_TRANSLATED
Sid=S-1-5-18
SidType=0
SourceName=Microsoft-Windows-Sysmon
Type=Information
RecordNumber=7235
Keywords=None
TaskCategory=File created (rule: FileCreate)
OpCode=Info
Message=File created:
RuleName: DLL
UtcTime: 2024-09-13 07:53:53.876
ProcessGuid: {af67959a-ef91-66e3-7a05-000000000c00}
ProcessId: 5092
Image: C:\Users\Andrew_11795566\Desktop\Exes\ITC590-three executable-Assignment Item 2 (1)\ITC590-three executable-Assignment Item 2\ITC590-Script 2 V1-2024.exe
TargetFilename: C:\Users\ANDREW~1\AppData\Local\Temp\_MEI50922\python312.dll
CreationUtcTime: 2024-09-13 07:53:53.876
User: ANDREW-11795566\Andrew_11795566</v></field>
		<field k='_time'>
			<value><text>2024-09-13T17:53:53.000+1000</text></value>
		</field>
		<field k='host'>
			<value><text>ANDREW-11795566</text></value>
		</field>
		<field k='index'>
			<value h='1'><text>sysmon</text></value>
		</field>
		<field k='linecount'>
			<value><text>23</text></value>
		</field>
		<field k='punct'>
			<value><text>//_::_=--/===-==---==--====__(:_)==_:\r:_\r:_--_::.\r</text></value>
		</field>
		<field k='source'>
			<value h='1'><text>WinEventLog:Microsoft-Windows-Sysmon/Operational</text></value>
		</field>
		<field k='sourcetype'>
			<value><text>XmlWinEventLog</text></value>
		</field>
		<field k='splunk_server'>
			<value><text>andrew-11795566</text></value>
		</field>
	</result>
	<result offset='12'>
		<field k='ComputerName'>
			<value><text>Andrew-11795566</text></value>
		</field>
		<field k='CreationUtcTime'>
			<value><text>2024-09-13 07:53:53.813</text></value>
		</field>
		<field k='EventCode'>
			<value><text>11</text></value>
		</field>
		<field k='EventType'>
			<value><text>4</text></value>
		</field>
		<field k='Image'>
			<value><text>C:\Users\Andrew_11795566\Desktop\Exes\ITC590-three executable-Assignment Item 2 (1)\ITC590-three executable-Assignment Item 2\ITC590-Script 2 V1-2024.exe</text></value>
		</field>
		<field k='Keywords'>
			<value><text>None</text></value>
		</field>
		<field k='LogName'>
			<value><text>Microsoft-Windows-Sysmon/Operational</text></value>
		</field>
		<field k='Message'>
			<value><text>File created:
RuleName: DLL
UtcTime: 2024-09-13 07:53:53.813
ProcessGuid: {af67959a-ef91-66e3-7a05-000000000c00}
ProcessId: 5092
Image: C:\Users\Andrew_11795566\Desktop\Exes\ITC590-three executable-Assignment Item 2 (1)\ITC590-three executable-Assignment Item 2\ITC590-Script 2 V1-2024.exe
TargetFilename: C:\Users\ANDREW~1\AppData\Local\Temp\_MEI50922\libcrypto-3.dll
CreationUtcTime: 2024-09-13 07:53:53.813
User: ANDREW-11795566\Andrew_11795566</text></value>
		</field>
		<field k='OpCode'>
			<value><text>Info</text></value>
		</field>
		<field k='ProcessGuid'>
			<value><text>{af67959a-ef91-66e3-7a05-000000000c00}</text></value>
		</field>
		<field k='ProcessId'>
			<value><text>5092</text></value>
		</field>
		<field k='RecordNumber'>
			<value><text>7234</text></value>
		</field>
		<field k='RuleName'>
			<value><text>DLL</text></value>
		</field>
		<field k='Sid'>
			<value><text>S-1-5-18</text></value>
		</field>
		<field k='SidType'>
			<value><text>0</text></value>
		</field>
		<field k='SourceName'>
			<value><text>Microsoft-Windows-Sysmon</text></value>
		</field>
		<field k='TargetFilename'>
			<value><text>C:\Users\ANDREW~1\AppData\Local\Temp\_MEI50922\libcrypto-3.dll</text></value>
		</field>
		<field k='TaskCategory'>
			<value><text>File created (rule: FileCreate)</text></value>
		</field>
		<field k='Type'>
			<value><text>Information</text></value>
		</field>
		<field k='User'>
			<value><text>NOT_TRANSLATED</text></value>
			<value><text>ANDREW-11795566\Andrew_11795566</text></value>
		</field>
		<field k='UtcTime'>
			<value><text>2024-09-13 07:53:53.813</text></value>
		</field>
		<field k='_raw'><v xml:space='preserve' trunc='0'>09/13/2024 05:53:53 PM
LogName=Microsoft-Windows-Sysmon/Operational
EventCode=11
EventType=4
ComputerName=Andrew-11795566
User=NOT_TRANSLATED
Sid=S-1-5-18
SidType=0
SourceName=Microsoft-Windows-Sysmon
Type=Information
RecordNumber=7234
Keywords=None
TaskCategory=File created (rule: FileCreate)
OpCode=Info
Message=File created:
RuleName: DLL
UtcTime: 2024-09-13 07:53:53.813
ProcessGuid: {af67959a-ef91-66e3-7a05-000000000c00}
ProcessId: 5092
Image: C:\Users\Andrew_11795566\Desktop\Exes\ITC590-three executable-Assignment Item 2 (1)\ITC590-three executable-Assignment Item 2\ITC590-Script 2 V1-2024.exe
TargetFilename: C:\Users\ANDREW~1\AppData\Local\Temp\_MEI50922\libcrypto-3.dll
CreationUtcTime: 2024-09-13 07:53:53.813
User: ANDREW-11795566\Andrew_11795566</v></field>
		<field k='_time'>
			<value><text>2024-09-13T17:53:53.000+1000</text></value>
		</field>
		<field k='host'>
			<value><text>ANDREW-11795566</text></value>
		</field>
		<field k='index'>
			<value h='1'><text>sysmon</text></value>
		</field>
		<field k='linecount'>
			<value><text>23</text></value>
		</field>
		<field k='punct'>
			<value><text>//_::_=--/===-==---==--====__(:_)==_:\r:_\r:_--_::.\r</text></value>
		</field>
		<field k='source'>
			<value h='1'><text>WinEventLog:Microsoft-Windows-Sysmon/Operational</text></value>
		</field>
		<field k='sourcetype'>
			<value><text>XmlWinEventLog</text></value>
		</field>
		<field k='splunk_server'>
			<value><text>andrew-11795566</text></value>
		</field>
	</result>
	<result offset='13'>
		<field k='ComputerName'>
			<value><text>Andrew-11795566</text></value>
		</field>
		<field k='CreationUtcTime'>
			<value><text>2024-09-13 07:53:53.798</text></value>
		</field>
		<field k='EventCode'>
			<value><text>11</text></value>
		</field>
		<field k='EventType'>
			<value><text>4</text></value>
		</field>
		<field k='Image'>
			<value><text>C:\Users\Andrew_11795566\Desktop\Exes\ITC590-three executable-Assignment Item 2 (1)\ITC590-three executable-Assignment Item 2\ITC590-Script 2 V1-2024.exe</text></value>
		</field>
		<field k='Keywords'>
			<value><text>None</text></value>
		</field>
		<field k='LogName'>
			<value><text>Microsoft-Windows-Sysmon/Operational</text></value>
		</field>
		<field k='Message'>
			<value><text>File created:
RuleName: DLL
UtcTime: 2024-09-13 07:53:53.798
ProcessGuid: {af67959a-ef91-66e3-7a05-000000000c00}
ProcessId: 5092
Image: C:\Users\Andrew_11795566\Desktop\Exes\ITC590-three executable-Assignment Item 2 (1)\ITC590-three executable-Assignment Item 2\ITC590-Script 2 V1-2024.exe
TargetFilename: C:\Users\ANDREW~1\AppData\Local\Temp\_MEI50922\VCRUNTIME140.dll
CreationUtcTime: 2024-09-13 07:53:53.798
User: ANDREW-11795566\Andrew_11795566</text></value>
		</field>
		<field k='OpCode'>
			<value><text>Info</text></value>
		</field>
		<field k='ProcessGuid'>
			<value><text>{af67959a-ef91-66e3-7a05-000000000c00}</text></value>
		</field>
		<field k='ProcessId'>
			<value><text>5092</text></value>
		</field>
		<field k='RecordNumber'>
			<value><text>7233</text></value>
		</field>
		<field k='RuleName'>
			<value><text>DLL</text></value>
		</field>
		<field k='Sid'>
			<value><text>S-1-5-18</text></value>
		</field>
		<field k='SidType'>
			<value><text>0</text></value>
		</field>
		<field k='SourceName'>
			<value><text>Microsoft-Windows-Sysmon</text></value>
		</field>
		<field k='TargetFilename'>
			<value><text>C:\Users\ANDREW~1\AppData\Local\Temp\_MEI50922\VCRUNTIME140.dll</text></value>
		</field>
		<field k='TaskCategory'>
			<value><text>File created (rule: FileCreate)</text></value>
		</field>
		<field k='Type'>
			<value><text>Information</text></value>
		</field>
		<field k='User'>
			<value><text>NOT_TRANSLATED</text></value>
			<value><text>ANDREW-11795566\Andrew_11795566</text></value>
		</field>
		<field k='UtcTime'>
			<value><text>2024-09-13 07:53:53.798</text></value>
		</field>
		<field k='_raw'><v xml:space='preserve' trunc='0'>09/13/2024 05:53:53 PM
LogName=Microsoft-Windows-Sysmon/Operational
EventCode=11
EventType=4
ComputerName=Andrew-11795566
User=NOT_TRANSLATED
Sid=S-1-5-18
SidType=0
SourceName=Microsoft-Windows-Sysmon
Type=Information
RecordNumber=7233
Keywords=None
TaskCategory=File created (rule: FileCreate)
OpCode=Info
Message=File created:
RuleName: DLL
UtcTime: 2024-09-13 07:53:53.798
ProcessGuid: {af67959a-ef91-66e3-7a05-000000000c00}
ProcessId: 5092
Image: C:\Users\Andrew_11795566\Desktop\Exes\ITC590-three executable-Assignment Item 2 (1)\ITC590-three executable-Assignment Item 2\ITC590-Script 2 V1-2024.exe
TargetFilename: C:\Users\ANDREW~1\AppData\Local\Temp\_MEI50922\VCRUNTIME140.dll
CreationUtcTime: 2024-09-13 07:53:53.798
User: ANDREW-11795566\Andrew_11795566</v></field>
		<field k='_time'>
			<value><text>2024-09-13T17:53:53.000+1000</text></value>
		</field>
		<field k='host'>
			<value><text>ANDREW-11795566</text></value>
		</field>
		<field k='index'>
			<value h='1'><text>sysmon</text></value>
		</field>
		<field k='linecount'>
			<value><text>23</text></value>
		</field>
		<field k='punct'>
			<value><text>//_::_=--/===-==---==--====__(:_)==_:\r:_\r:_--_::.\r</text></value>
		</field>
		<field k='source'>
			<value h='1'><text>WinEventLog:Microsoft-Windows-Sysmon/Operational</text></value>
		</field>
		<field k='sourcetype'>
			<value><text>XmlWinEventLog</text></value>
		</field>
		<field k='splunk_server'>
			<value><text>andrew-11795566</text></value>
		</field>
	</result>
	<result offset='14'>
		<field k='CommandLine'>
			<value><text>&quot;C:\Users\Andrew_11795566\Desktop\Exes\ITC590-three executable-Assignment Item 2 (1)\ITC590-three executable-Assignment Item 2\ITC590-Script 2 V1-2024.exe&quot;</text></value>
		</field>
		<field k='Company'>
			<value><text>-</text></value>
		</field>
		<field k='ComputerName'>
			<value><text>Andrew-11795566</text></value>
		</field>
		<field k='CurrentDirectory'>
			<value><text>C:\Users\Andrew_11795566\Desktop\Exes\ITC590-three executable-Assignment Item 2 (1)\ITC590-three executable-Assignment Item 2\</text></value>
		</field>
		<field k='Description'>
			<value><text>-</text></value>
		</field>
		<field k='EventCode'>
			<value><text>1</text></value>
		</field>
		<field k='EventType'>
			<value><text>4</text></value>
		</field>
		<field k='FileVersion'>
			<value><text>-</text></value>
		</field>
		<field k='Hashes'>
			<value><text>MD5=4AC074744836B3742200B03807655BD9,SHA256=918BF06D20F2240938FC8A940A4B019CC573CEE762EE169CE3E2FBA155D5796B,IMPHASH=72C4E339B7AF8AB1ED2EB3821C98713A</text></value>
		</field>
		<field k='Image'>
			<value><text>C:\Users\Andrew_11795566\Desktop\Exes\ITC590-three executable-Assignment Item 2 (1)\ITC590-three executable-Assignment Item 2\ITC590-Script 2 V1-2024.exe</text></value>
		</field>
		<field k='IntegrityLevel'>
			<value><text>Medium</text></value>
		</field>
		<field k='Keywords'>
			<value><text>None</text></value>
		</field>
		<field k='LogName'>
			<value><text>Microsoft-Windows-Sysmon/Operational</text></value>
		</field>
		<field k='LogonGuid'>
			<value><text>{af67959a-c641-66e3-a091-0c0000000000}</text></value>
		</field>
		<field k='LogonId'>
			<value><text>0xC91A0</text></value>
		</field>
		<field k='Message'>
			<value><text>Process Create:
RuleName: -
UtcTime: 2024-09-13 07:53:53.683
ProcessGuid: {af67959a-ef91-66e3-7a05-000000000c00}
ProcessId: 5092
Image: C:\Users\Andrew_11795566\Desktop\Exes\ITC590-three executable-Assignment Item 2 (1)\ITC590-three executable-Assignment Item 2\ITC590-Script 2 V1-2024.exe
FileVersion: -
Description: -
Product: -
Company: -
OriginalFileName: -
CommandLine: &quot;C:\Users\Andrew_11795566\Desktop\Exes\ITC590-three executable-Assignment Item 2 (1)\ITC590-three executable-Assignment Item 2\ITC590-Script 2 V1-2024.exe&quot;
CurrentDirectory: C:\Users\Andrew_11795566\Desktop\Exes\ITC590-three executable-Assignment Item 2 (1)\ITC590-three executable-Assignment Item 2\
User: ANDREW-11795566\Andrew_11795566
LogonGuid: {af67959a-c641-66e3-a091-0c0000000000}
LogonId: 0xC91A0
TerminalSessionId: 1
IntegrityLevel: Medium
Hashes: MD5=4AC074744836B3742200B03807655BD9,SHA256=918BF06D20F2240938FC8A940A4B019CC573CEE762EE169CE3E2FBA155D5796B,IMPHASH=72C4E339B7AF8AB1ED2EB3821C98713A
ParentProcessGuid: {af67959a-d0a6-66e3-5102-000000000c00}
ParentProcessId: 5708
ParentImage: C:\Windows\System32\WindowsPowerShell\v1.0\powershell.exe
ParentCommandLine: &quot;C:\Windows\System32\WindowsPowerShell\v1.0\powershell.exe&quot; 
ParentUser: ANDREW-11795566\Andrew_11795566</text></value>
		</field>
		<field k='OpCode'>
			<value><text>Info</text></value>
		</field>
		<field k='OriginalFileName'>
			<value><text>-</text></value>
		</field>
		<field k='ParentCommandLine'>
			<value><text>&quot;C:\Windows\System32\WindowsPowerShell\v1.0\powershell.exe&quot;</text></value>
		</field>
		<field k='ParentImage'>
			<value><text>C:\Windows\System32\WindowsPowerShell\v1.0\powershell.exe</text></value>
		</field>
		<field k='ParentProcessGuid'>
			<value><text>{af67959a-d0a6-66e3-5102-000000000c00}</text></value>
		</field>
		<field k='ParentProcessId'>
			<value><text>5708</text></value>
		</field>
		<field k='ParentUser'>
			<value><text>ANDREW-11795566\Andrew_11795566</text></value>
		</field>
		<field k='ProcessGuid'>
			<value><text>{af67959a-ef91-66e3-7a05-000000000c00}</text></value>
		</field>
		<field k='ProcessId'>
			<value><text>5092</text></value>
		</field>
		<field k='Product'>
			<value><text>-</text></value>
		</field>
		<field k='RecordNumber'>
			<value><text>7232</text></value>
		</field>
		<field k='RuleName'>
			<value><text>-</text></value>
		</field>
		<field k='Sid'>
			<value><text>S-1-5-18</text></value>
		</field>
		<field k='SidType'>
			<value><text>0</text></value>
		</field>
		<field k='SourceName'>
			<value><text>Microsoft-Windows-Sysmon</text></value>
		</field>
		<field k='TaskCategory'>
			<value><text>Process Create (rule: ProcessCreate)</text></value>
		</field>
		<field k='TerminalSessionId'>
			<value><text>1</text></value>
		</field>
		<field k='Type'>
			<value><text>Information</text></value>
		</field>
		<field k='User'>
			<value><text>NOT_TRANSLATED</text></value>
			<value><text>ANDREW-11795566\Andrew_11795566</text></value>
		</field>
		<field k='UtcTime'>
			<value><text>2024-09-13 07:53:53.683</text></value>
		</field>
		<field k='_raw'><v xml:space='preserve' trunc='0'>09/13/2024 05:53:53 PM
LogName=Microsoft-Windows-Sysmon/Operational
EventCode=1
EventType=4
ComputerName=Andrew-11795566
User=NOT_TRANSLATED
Sid=S-1-5-18
SidType=0
SourceName=Microsoft-Windows-Sysmon
Type=Information
RecordNumber=7232
Keywords=None
TaskCategory=Process Create (rule: ProcessCreate)
OpCode=Info
Message=Process Create:
RuleName: -
UtcTime: 2024-09-13 07:53:53.683
ProcessGuid: {af67959a-ef91-66e3-7a05-000000000c00}
ProcessId: 5092
Image: C:\Users\Andrew_11795566\Desktop\Exes\ITC590-three executable-Assignment Item 2 (1)\ITC590-three executable-Assignment Item 2\ITC590-Script 2 V1-2024.exe
FileVersion: -
Description: -
Product: -
Company: -
OriginalFileName: -
CommandLine: &quot;C:\Users\Andrew_11795566\Desktop\Exes\ITC590-three executable-Assignment Item 2 (1)\ITC590-three executable-Assignment Item 2\ITC590-Script 2 V1-2024.exe&quot;
CurrentDirectory: C:\Users\Andrew_11795566\Desktop\Exes\ITC590-three executable-Assignment Item 2 (1)\ITC590-three executable-Assignment Item 2\
User: ANDREW-11795566\Andrew_11795566
LogonGuid: {af67959a-c641-66e3-a091-0c0000000000}
LogonId: 0xC91A0
TerminalSessionId: 1
IntegrityLevel: Medium
Hashes: MD5=4AC074744836B3742200B03807655BD9,SHA256=918BF06D20F2240938FC8A940A4B019CC573CEE762EE169CE3E2FBA155D5796B,IMPHASH=72C4E339B7AF8AB1ED2EB3821C98713A
ParentProcessGuid: {af67959a-d0a6-66e3-5102-000000000c00}
ParentProcessId: 5708
ParentImage: C:\Windows\System32\WindowsPowerShell\v1.0\powershell.exe
ParentCommandLine: &quot;C:\Windows\System32\WindowsPowerShell\v1.0\powershell.exe&quot; 
ParentUser: ANDREW-11795566\Andrew_11795566</v></field>
		<field k='_time'>
			<value><text>2024-09-13T17:53:53.000+1000</text></value>
		</field>
		<field k='host'>
			<value><text>ANDREW-11795566</text></value>
		</field>
		<field k='index'>
			<value h='1'><text>sysmon</text></value>
		</field>
		<field k='linecount'>
			<value><text>38</text></value>
		</field>
		<field k='punct'>
			<value><text>//_::_=--/===-==---==--====__(:_)==_:\r:_-\r:_--_::.</text></value>
		</field>
		<field k='source'>
			<value h='1'><text>WinEventLog:Microsoft-Windows-Sysmon/Operational</text></value>
		</field>
		<field k='sourcetype'>
			<value><text>XmlWinEventLog</text></value>
		</field>
		<field k='splunk_server'>
			<value><text>andrew-11795566</text></value>
		</field>
	</result>
</results>
